SF:lib/features/car/list/data/models/car_model.dart
DA:27,0
DA:40,0
DA:41,0
DA:42,0
DA:43,0
DA:44,0
DA:45,0
DA:46,0
DA:47,0
DA:48,0
DA:49,0
DA:50,0
DA:51,0
LF:13
LH:0
end_of_record
SF:lib/features/car/list/data/repositories/car_repository_impl.dart
DA:11,1
DA:13,1
DA:16,2
DA:17,1
DA:19,0
DA:23,0
DA:27,0
DA:28,0
DA:30,0
LF:9
LH:4
end_of_record
SF:lib/features/car/list/domain/entities/car.dart
DA:14,0
LF:1
LH:0
end_of_record
SF:lib/features/car/list/domain/use_cases/list_all_cars.dart
DA:13,1
DA:15,1
DA:17,2
LF:3
LH:3
end_of_record
SF:lib/features/car/filter/external/repository/car_data_source_impl.dart
DA:11,1
DA:13,1
DA:15,1
DA:16,1
DA:17,0
DA:18,0
DA:19,0
DA:20,0
DA:21,0
DA:22,0
DA:23,0
DA:24,0
DA:25,0
DA:26,0
LF:14
LH:4
end_of_record
SF:lib/features/car/filter/brand/data/models/brand_model.dart
DA:10,0
DA:12,0
DA:13,0
DA:14,0
LF:4
LH:0
end_of_record
SF:lib/features/car/filter/brand/domain/entities/brand.dart
DA:4,0
LF:1
LH:0
end_of_record
SF:lib/features/car/filter/color/data/models/color_model.dart
DA:9,0
DA:11,0
DA:12,0
DA:13,0
LF:4
LH:0
end_of_record
SF:lib/features/car/filter/color/domain/entities/color.dart
DA:4,0
LF:1
LH:0
end_of_record
SF:lib/features/car/filter/domain/entities/filter.dart
DA:8,0
LF:1
LH:0
end_of_record
SF:lib/features/car/filter/data/models/filter_model.dart
DA:11,0
LF:1
LH:0
end_of_record
